Arguments: 
  /Users/jacobfletcher/.nvm/versions/node/v14.18.0/bin/node /Users/jacobfletcher/.nvm/versions/node/v14.18.0/bin/yarn

PATH: 
  /Users/jacobfletcher/.nvm/versions/node/v14.18.0/bin:/Users/jacobfletcher/.yarn/bin:/Users/jacobfletcher/.config/yarn/global/node_modules/.bin:/usr/local/bin:/usr/bin:/bin:/usr/sbin:/sbin:/Users/jacobfletcher/.nvm/versions/node/v14.18.0/bin:/Users/jacobfletcher/.yarn/bin:/Users/jacobfletcher/.config/yarn/global/node_modules/.bin

Yarn version: 
  1.22.17

Node version: 
  14.18.0

Platform: 
  darwin x64

Trace: 
  SyntaxError: /Users/jacobfletcher/dev/trbl/payload-plugin-seo/package.json: Unexpected token } in JSON at position 652
      at JSON.parse (<anonymous>)
      at /Users/jacobfletcher/.nvm/versions/node/v14.18.0/lib/node_modules/yarn/lib/cli.js:1625:59
      at Generator.next (<anonymous>)
      at step (/Users/jacobfletcher/.nvm/versions/node/v14.18.0/lib/node_modules/yarn/lib/cli.js:310:30)
      at /Users/jacobfletcher/.nvm/versions/node/v14.18.0/lib/node_modules/yarn/lib/cli.js:321:13

npm manifest: 
  {
    "name": "payload-starter-typescript",
    "description": "Blank template - no collections",
    "version": "1.0.0",
    "main": "dist/server.js",
    "license": "MIT",
    "scripts": {
      "dev": "cross-env PAYLOAD_CONFIG_PATH=src/payload.config.ts nodemon",
      "build:payload": "cross-env PAYLOAD_CONFIG_PATH=src/payload.config.ts payload build",
      "build:server": "tsc",
      "build": "yarn build:payload && yarn build:server",
      "serve": "cross-env PAYLOAD_CONFIG_PATH=dist/payload.config.js NODE_ENV=production node dist/server.js",
      "generate:types": "cross-env PAYLOAD_CONFIG_PATH=src/payload.config.ts payload generate:types"
    },
    "dependencies": {
      "payload": "^0.14.0",
      "dotenv": "^8.2.0",
      "express": "^4.17.1"
    },
    "devDependencies": {
      "@types/express": "^4.17.9",
      "cross-env": "^7.0.3",
      "nodemon": "^2.0.6",
      "ts-node": "^9.1.1",
      "typescript": "^4.1.3"
    }
  }

yarn manifest: 
  No manifest

Lockfile: 
  No lockfile
